<?xml version="1.0" encoding="UTF-8"?>
<!-- Generated by org.testng.reporters.JUnitXMLReporter -->
<testsuite hostname="ETDB510P6BP-D" name="Command line test" tests="6" failures="0" timestamp="13 Dec 2016 08:38:47 GMT" time="3.219" errors="0">
  <testcase name="@BeforeTest createAppiumDriver" time="0.0" classname="appium.TestNG_testcases">
    <failure type="org.openqa.selenium.SessionNotCreatedException" message="A new session could not be created. (Original error: Bad app: C:\Users\mary.l.l.dela.torre\.jenkins\workspace\goschedule1\build\outputs\apk\goschedule1-release.apk. App paths need to be absolute, or relative to the appium server install dir, or a URL to compressed file, or a special app name. cause: Error: Error locating the app: ENOENT, stat &amp;apos;C:\Users\mary.l.l.dela.torre\.jenkins\workspace\goschedule1\build\outputs\apk\goschedule1-release.apk&amp;apos;) (WARNING: The server did not provide any stacktrace information)
Command duration or timeout: 669 milliseconds
Build info: version: &amp;apos;2.47.1&amp;apos;, revision: &amp;apos;unknown&amp;apos;, time: &amp;apos;2015-07-30 11:02:44&amp;apos;
System info: host: &amp;apos;ETDB510P6BP-D&amp;apos;, ip: &amp;apos;192.168.56.1&amp;apos;, os.name: &amp;apos;Windows 7&amp;apos;, os.arch: &amp;apos;amd64&amp;apos;, os.version: &amp;apos;6.1&amp;apos;, java.version: &amp;apos;1.8.0_101&amp;apos;
Driver info: io.appium.java_client.android.AndroidDriver">
      <![CDATA[org.openqa.selenium.SessionNotCreatedException: A new session could not be created. (Original error: Bad app: C:\Users\mary.l.l.dela.torre\.jenkins\workspace\goschedule1\build\outputs\apk\goschedule1-release.apk. App paths need to be absolute, or relative to the appium server install dir, or a URL to compressed file, or a special app name. cause: Error: Error locating the app: ENOENT, stat 'C:\Users\mary.l.l.dela.torre\.jenkins\workspace\goschedule1\build\outputs\apk\goschedule1-release.apk') (WARNING: The server did not provide any stacktrace information)
Command duration or timeout: 669 milliseconds
Build info: version: '2.47.1', revision: 'unknown', time: '2015-07-30 11:02:44'
System info: host: 'ETDB510P6BP-D', ip: '192.168.56.1', os.name: 'Windows 7', os.arch: 'amd64', os.version: '6.1', java.version: '1.8.0_101'
Driver info: io.appium.java_client.android.AndroidDriver
	at org.openqa.selenium.remote.ErrorHandler.createThrowable(ErrorHandler.java:206)
	at org.openqa.selenium.remote.ErrorHandler.throwIfResponseFailed(ErrorHandler.java:158)
	at org.openqa.selenium.remote.RemoteWebDriver.execute(RemoteWebDriver.java:595)
	at io.appium.java_client.DefaultGenericMobileDriver.execute(DefaultGenericMobileDriver.java:42)
	at io.appium.java_client.AppiumDriver.execute(AppiumDriver.java:1)
	at io.appium.java_client.android.AndroidDriver.execute(AndroidDriver.java:1)
	at org.openqa.selenium.remote.RemoteWebDriver.startSession(RemoteWebDriver.java:242)
	at org.openqa.selenium.remote.RemoteWebDriver.<init>(RemoteWebDriver.java:128)
	at org.openqa.selenium.remote.RemoteWebDriver.<init>(RemoteWebDriver.java:141)
	at io.appium.java_client.DefaultGenericMobileDriver.<init>(DefaultGenericMobileDriver.java:37)
	at io.appium.java_client.AppiumDriver.<init>(AppiumDriver.java:161)
	at io.appium.java_client.AppiumDriver.<init>(AppiumDriver.java:170)
	at io.appium.java_client.android.AndroidDriver.<init>(AndroidDriver.java:82)
	at appium.AppiumDriverBase.createAppiumDriver(AppiumDriverBase.java:55)
... Removed 35 stack frames]]>
    </failure>
  </testcase> <!-- @BeforeTest createAppiumDriver -->
  <testcase name="@AfterTest afterTest" time="0.0" classname="appium.TestNG_testcases">
    <skipped/>
  </testcase> <!-- @AfterTest afterTest -->
  <testcase name="Login_Complete" time="0.002" classname="appium.TestNG_testcases">
    <skipped/>
  </testcase> <!-- Login_Complete -->
  <testcase name="File_leave_Complete" time="0.001" classname="appium.TestNG_testcases">
    <skipped/>
  </testcase> <!-- File_leave_Complete -->
  <testcase name="Update_Leave_Complete" time="0.001" classname="appium.TestNG_testcases">
    <skipped/>
  </testcase> <!-- Update_Leave_Complete -->
  <testcase name="Approve_Leave_Complete" time="0.0" classname="appium.TestNG_testcases">
    <skipped/>
  </testcase> <!-- Approve_Leave_Complete -->
  <testcase name="Check_Leave" time="0.0" classname="appium.TestNG_testcases">
    <skipped/>
  </testcase> <!-- Check_Leave -->
  <testcase name="Find_Leave" time="0.0" classname="appium.TestNG_testcases">
    <skipped/>
  </testcase> <!-- Find_Leave -->
</testsuite> <!-- Command line test -->
